{"sessionId": "57c0c7", "runId": "start_upload", "hypothesisId": "A1", "location": "tooldangvideo.py:init_driver", "message": "start_upload received made_for_kids", "data": {"raw": "no", "normalized": "no"}, "timestamp": 1773679375658}
{"sessionId": "57c0c7", "runId": "excel_init_pre", "hypothesisId": "X0", "location": "tooldangvideo.py:init_driver", "message": "ensure_excel_initialized invoked", "data": {"excelPath": "D:\\code\\ytb\\tool_dang_video\\output\\dădawdaw.xlsx", "exists": false, "cwd": "D:\\code\\ytb\\tool_dang_video"}, "timestamp": 1773679375659}
{"sessionId": "57c0c7", "runId": "excel_init_post", "hypothesisId": "X0", "location": "tooldangvideo.py:init_driver", "message": "ensure_excel_initialized done", "data": {"excelPath": "D:\\code\\ytb\\tool_dang_video\\output\\dădawdaw.xlsx"}, "timestamp": 1773679375664}
{"sessionId": "57c0c7", "runId": "run_upload_kids", "hypothesisId": "K0", "location": "tooldangvideo.py:init_driver", "message": "run_upload made_for_kids before upload_video", "data": {"file_info_raw": "no", "normalized": "no", "pass_bool": false}, "timestamp": 1773679375664}
{"sessionId": "57c0c7", "runId": "init_driver_pre", "hypothesisId": "H2", "location": "tooldangvideo.py:init_driver", "message": "About to create/use Chrome profile directory", "data": {"profileDir": "D:\\code\\ytb\\tool_dang_video\\chrome_youtube_profiles\\profile_1"}, "timestamp": 1773679375664}
{"sessionId": "57c0c7", "runId": "init_driver_pre", "hypothesisId": "H1", "location": "tooldangvideo.py:init_driver", "message": "Attempting to start Chrome WebDriver", "data": {"useSavedProfile": true, "profileDir": "D:\\code\\ytb\\tool_dang_video\\chrome_youtube_profiles\\profile_1"}, "timestamp": 1773679375665}
{"sessionId": "57c0c7", "runId": "init_driver_post", "hypothesisId": "H1", "location": "tooldangvideo.py:init_driver", "message": "Chrome WebDriver started successfully", "data": {"useSavedProfile": true}, "timestamp": 1773679376169}
{"sessionId": "57c0c7", "runId": "kids_select_pre", "hypothesisId": "K1", "location": "tooldangvideo.py:init_driver", "message": "Selecting made_for_kids radio", "data": {"madeForKids": false, "url": "https://studio.youtube.com/channel/UC6MjTjcD2RZQxdavQwUHjKw"}, "timestamp": 1773679394090}
{"sessionId": "57c0c7", "runId": "kids_click_pre", "hypothesisId": "K1b", "location": "tooldangvideo.py:init_driver", "message": "Kids radio about to click", "data": {"target": "NOT_MFK", "want_yes": false}, "timestamp": 1773679394613}
{"sessionId": "57c0c7", "runId": "kids_select_post", "hypothesisId": "K2", "location": "tooldangvideo.py:init_driver", "message": "Kids radio aria-checked after click", "data": {"yes": "false", "no": "true", "expected": "no"}, "timestamp": 1773679395773}
{"sessionId": "57c0c7", "runId": "kids_select_final", "hypothesisId": "K3", "location": "tooldangvideo.py:init_driver", "message": "Kids radio final state after retry", "data": {"yes": "false", "no": "true", "want_yes": false}, "timestamp": 1773679395777}
{"sessionId": "57c0c7", "runId": "click_next_pre", "hypothesisId": "N1", "location": "tooldangvideo.py:init_driver", "message": "Trying to locate Next button", "data": {"step": "Chi tiết → Các thành phần của video"}, "timestamp": 1773679396777}
{"sessionId": "57c0c7", "runId": "click_next_post", "hypothesisId": "N1", "location": "tooldangvideo.py:init_driver", "message": "Clicked Next button successfully", "data": {"step": "Chi tiết → Các thành phần của video"}, "timestamp": 1773679396864}
{"sessionId": "57c0c7", "runId": "click_next_pre", "hypothesisId": "N1", "location": "tooldangvideo.py:init_driver", "message": "Trying to locate Next button", "data": {"step": "Các thành phần của video → Kiểm tra ban đầu"}, "timestamp": 1773679398865}
{"sessionId": "57c0c7", "runId": "click_next_post", "hypothesisId": "N1", "location": "tooldangvideo.py:init_driver", "message": "Clicked Next button successfully", "data": {"step": "Các thành phần của video → Kiểm tra ban đầu"}, "timestamp": 1773679398932}
{"sessionId": "57c0c7", "runId": "visibility_check_pre", "hypothesisId": "V1", "location": "tooldangvideo.py:init_driver", "message": "Checking if already on visibility step (#privacy-radios)", "data": {"url": "https://studio.youtube.com/channel/UC6MjTjcD2RZQxdavQwUHjKw"}, "timestamp": 1773679432032}
{"sessionId": "57c0c7", "runId": "click_next_pre", "hypothesisId": "N1", "location": "tooldangvideo.py:init_driver", "message": "Trying to locate Next button", "data": {"step": "Sau kiểm tra ban đầu"}, "timestamp": 1773679442069}
{"sessionId": "57c0c7", "runId": "click_next_post", "hypothesisId": "N1", "location": "tooldangvideo.py:init_driver", "message": "Clicked Next button successfully", "data": {"step": "Sau kiểm tra ban đầu"}, "timestamp": 1773679442188}
{"sessionId": "57c0c7", "runId": "visibility_select_pre", "hypothesisId": "V2", "location": "tooldangvideo.py:init_driver", "message": "Attempting visibility select by name", "data": {"visibilityKey": "private", "visibilityName": "PRIVATE", "url": "https://studio.youtube.com/channel/UC6MjTjcD2RZQxdavQwUHjKw"}, "timestamp": 1773679444191}
{"sessionId": "57c0c7", "runId": "visibility_select_post", "hypothesisId": "V2", "location": "tooldangvideo.py:init_driver", "message": "Visibility select by name clicked", "data": {"visibilityName": "PRIVATE", "ariaChecked": "true", "url": "https://studio.youtube.com/channel/UC6MjTjcD2RZQxdavQwUHjKw"}, "timestamp": 1773679444260}
{"sessionId": "57c0c7", "runId": "excel_append_pre", "hypothesisId": "X1", "location": "tooldangvideo.py:init_driver", "message": "append_excel_row invoked", "data": {"excelPath": "D:\\code\\ytb\\tool_dang_video\\output\\dădawdaw.xlsx", "exists": true, "cwd": "D:\\code\\ytb\\tool_dang_video"}, "timestamp": 1773679445270}
{"sessionId": "57c0c7", "runId": "excel_append_post", "hypothesisId": "X1", "location": "tooldangvideo.py:init_driver", "message": "append_excel_row saved", "data": {"excelPath": "D:\\code\\ytb\\tool_dang_video\\output\\dădawdaw.xlsx", "row": 2, "maxCol": 5}, "timestamp": 1773679445276}
{"sessionId": "57c0c7", "runId": "prechecks_check_pre", "hypothesisId": "P1", "location": "tooldangvideo.py:init_driver", "message": "Checking prechecks warning banner/dialog after Done", "data": {"url": "https://studio.youtube.com/channel/UC6MjTjcD2RZQxdavQwUHjKw"}, "timestamp": 1773679445347}
{"sessionId": "57c0c7", "runId": "prechecks_check_post", "hypothesisId": "P1", "location": "tooldangvideo.py:init_driver", "message": "No prechecks warning dialog detected", "data": {"bannerPresent": false}, "timestamp": 1773679465368}
